<?xml version="1.0" encoding="UTF-8"?>
<!-- Generated by org.testng.reporters.JUnitReportReporter -->
<testsuite hostname="DESKTOP-32CF19A" failures="0" tests="1" name="myTestcases" time="37.738" errors="0" timestamp="2023-04-15T02:20:17 GST" skipped="0">
  <testcase classname="myTestcases" name="openThwBrowser" time="37.738"/>
  <system-out/>
</testsuite> <!-- myTestcases -->
